app/build/intermediates/manifest_merge_blame_file/release/processReleaseMainManifest/manifest-merger-blame-release-report.txt
1<?xml version="1.0" encoding="utf-8"?>
2<manifest xmlns:android="http://schemas.android.com/apk/res/android"
3    package="com.example.wearme"
4    android:versionCode="1"
5    android:versionName="1.0" >
6
7    <uses-sdk
8        android:minSdkVersion="26"
9        android:targetSdkVersion="35" />
10
11    <uses-permission android:name="android.permission.INTERNET" />
11-->src\main\AndroidManifest.xml:4:5-67
11-->src\main\AndroidManifest.xml:4:22-64
12
13    <permission
13-->[androidx.core:core:1.15.0] AndroidManifest.xml:22:5-24:47
14        android:name="com.example.wearme.DYNAMIC_RECEIVER_NOT_EXPORTED_PERMISSION"
14-->[androidx.core:core:1.15.0] AndroidManifest.xml:23:9-81
15        android:protectionLevel="signature" />
15-->[androidx.core:core:1.15.0] AndroidManifest.xml:24:9-44
16
17    <uses-permission android:name="com.example.wearme.DYNAMIC_RECEIVER_NOT_EXPORTED_PERMISSION" />
17-->[androidx.core:core:1.15.0] AndroidManifest.xml:26:5-97
17-->[androidx.core:core:1.15.0] AndroidManifest.xml:26:22-94
18
19    <application
19-->src\main\AndroidManifest.xml:6:5-65:19
20        android:allowBackup="true"
20-->src\main\AndroidManifest.xml:7:9-35
21        android:appComponentFactory="androidx.core.app.CoreComponentFactory"
21-->[androidx.core:core:1.15.0] AndroidManifest.xml:28:18-86
22        android:dataExtractionRules="@xml/data_extraction_rules"
22-->src\main\AndroidManifest.xml:8:9-65
23        android:extractNativeLibs="false"
24        android:fullBackupContent="@xml/backup_rules"
24-->src\main\AndroidManifest.xml:9:9-54
25        android:icon="@mipmap/ic_launcher"
25-->src\main\AndroidManifest.xml:10:9-43
26        android:label="@string/app_name"
26-->src\main\AndroidManifest.xml:11:9-41
27        android:roundIcon="@mipmap/ic_launcher_round"
27-->src\main\AndroidManifest.xml:12:9-54
28        android:supportsRtl="true"
28-->src\main\AndroidManifest.xml:13:9-35
29        android:theme="@style/Theme.WearMe"
29-->src\main\AndroidManifest.xml:14:9-44
30        android:usesCleartextTraffic="true" >
30-->src\main\AndroidManifest.xml:15:9-44
31        <activity
31-->src\main\AndroidManifest.xml:17:9-20:40
32            android:name="com.example.wearme.ui.bio.ProfileActivity"
32-->src\main\AndroidManifest.xml:18:13-51
33            android:exported="false"
33-->src\main\AndroidManifest.xml:20:13-37
34            android:theme="@style/Theme.WearMe" />
34-->src\main\AndroidManifest.xml:19:13-48
35        <activity
35-->src\main\AndroidManifest.xml:22:9-25:40
36            android:name="com.example.wearme.ui.home.ClothDetailActivity"
36-->src\main\AndroidManifest.xml:23:13-56
37            android:exported="false"
37-->src\main\AndroidManifest.xml:25:13-37
38            android:theme="@style/Theme.WearMe" />
38-->src\main\AndroidManifest.xml:24:13-48
39        <activity
39-->src\main\AndroidManifest.xml:27:9-30:40
40            android:name="com.example.wearme.ui.home.MainActivity"
40-->src\main\AndroidManifest.xml:28:13-49
41            android:exported="false"
41-->src\main\AndroidManifest.xml:30:13-37
42            android:theme="@style/Theme.WearMe" />
42-->src\main\AndroidManifest.xml:29:13-48
43        <activity
43-->src\main\AndroidManifest.xml:32:9-35:40
44            android:name="com.example.wearme.ui.auth.LoginActivity"
44-->src\main\AndroidManifest.xml:33:13-50
45            android:exported="false"
45-->src\main\AndroidManifest.xml:35:13-37
46            android:theme="@style/Theme.WearMe" />
46-->src\main\AndroidManifest.xml:34:13-48
47        <activity
47-->src\main\AndroidManifest.xml:37:9-40:40
48            android:name="com.example.wearme.ui.auth.RegisterActivity"
48-->src\main\AndroidManifest.xml:38:13-53
49            android:exported="false"
49-->src\main\AndroidManifest.xml:40:13-37
50            android:theme="@style/Theme.WearMe" />
50-->src\main\AndroidManifest.xml:39:13-48
51        <activity
51-->src\main\AndroidManifest.xml:42:9-45:40
52            android:name="com.example.wearme.ui.bio.BioActivity"
52-->src\main\AndroidManifest.xml:43:13-47
53            android:exported="false"
53-->src\main\AndroidManifest.xml:45:13-37
54            android:theme="@style/Theme.WearMe" />
54-->src\main\AndroidManifest.xml:44:13-48
55        <activity
55-->src\main\AndroidManifest.xml:47:9-50:40
56            android:name="com.example.wearme.ui.bio.MeasurementsActivity"
56-->src\main\AndroidManifest.xml:48:13-56
57            android:exported="false"
57-->src\main\AndroidManifest.xml:50:13-37
58            android:theme="@style/Theme.WearMe" />
58-->src\main\AndroidManifest.xml:49:13-48
59        <activity
59-->src\main\AndroidManifest.xml:52:9-60:20
60            android:name="com.example.wearme.ui.auth.RedirectActivity"
60-->src\main\AndroidManifest.xml:53:13-53
61            android:exported="true"
61-->src\main\AndroidManifest.xml:55:13-36
62            android:theme="@style/Theme.WearMe.Starting" >
62-->src\main\AndroidManifest.xml:54:13-57
63            <intent-filter>
63-->src\main\AndroidManifest.xml:56:13-59:29
64                <action android:name="android.intent.action.MAIN" />
64-->src\main\AndroidManifest.xml:57:17-69
64-->src\main\AndroidManifest.xml:57:25-66
65
66                <category android:name="android.intent.category.LAUNCHER" />
66-->src\main\AndroidManifest.xml:58:17-77
66-->src\main\AndroidManifest.xml:58:27-74
67            </intent-filter>
68        </activity>
69
70        <meta-data
70-->src\main\AndroidManifest.xml:62:9-64:57
71            android:name="preloaded_fonts"
71-->src\main\AndroidManifest.xml:63:13-43
72            android:resource="@array/preloaded_fonts" />
72-->src\main\AndroidManifest.xml:64:13-54
73
74        <provider
74-->[androidx.emoji2:emoji2:1.3.0] AndroidManifest.xml:24:9-32:20
75            android:name="androidx.startup.InitializationProvider"
75-->[androidx.emoji2:emoji2:1.3.0] AndroidManifest.xml:25:13-67
76            android:authorities="com.example.wearme.androidx-startup"
76-->[androidx.emoji2:emoji2:1.3.0] AndroidManifest.xml:26:13-68
77            android:exported="false" >
77-->[androidx.emoji2:emoji2:1.3.0] AndroidManifest.xml:27:13-37
78            <meta-data
78-->[androidx.emoji2:emoji2:1.3.0] AndroidManifest.xml:29:13-31:52
79                android:name="androidx.emoji2.text.EmojiCompatInitializer"
79-->[androidx.emoji2:emoji2:1.3.0] AndroidManifest.xml:30:17-75
80                android:value="androidx.startup" />
80-->[androidx.emoji2:emoji2:1.3.0] AndroidManifest.xml:31:17-49
81            <meta-data
81-->[androidx.lifecycle:lifecycle-process:2.6.2] AndroidManifest.xml:29:13-31:52
82                android:name="androidx.lifecycle.ProcessLifecycleInitializer"
82-->[androidx.lifecycle:lifecycle-process:2.6.2] AndroidManifest.xml:30:17-78
83                android:value="androidx.startup" />
83-->[androidx.lifecycle:lifecycle-process:2.6.2] AndroidManifest.xml:31:17-49
84            <meta-data
84-->[androidx.profileinstaller:profileinstaller:1.4.0] AndroidManifest.xml:29:13-31:52
85                android:name="androidx.profileinstaller.ProfileInstallerInitializer"
85-->[androidx.profileinstaller:profileinstaller:1.4.0] AndroidManifest.xml:30:17-85
86                android:value="androidx.startup" />
86-->[androidx.profileinstaller:profileinstaller:1.4.0] AndroidManifest.xml:31:17-49
87        </provider>
88
89        <receiver
89-->[androidx.profileinstaller:profileinstaller:1.4.0] AndroidManifest.xml:34:9-52:20
90            android:name="androidx.profileinstaller.ProfileInstallReceiver"
90-->[androidx.profileinstaller:profileinstaller:1.4.0] AndroidManifest.xml:35:13-76
91            android:directBootAware="false"
91-->[androidx.profileinstaller:profileinstaller:1.4.0] AndroidManifest.xml:36:13-44
92            android:enabled="true"
92-->[androidx.profileinstaller:profileinstaller:1.4.0] AndroidManifest.xml:37:13-35
93            android:exported="true"
93-->[androidx.profileinstaller:profileinstaller:1.4.0] AndroidManifest.xml:38:13-36
94            android:permission="android.permission.DUMP" >
94-->[androidx.profileinstaller:profileinstaller:1.4.0] AndroidManifest.xml:39:13-57
95            <intent-filter>
95-->[androidx.profileinstaller:profileinstaller:1.4.0] AndroidManifest.xml:40:13-42:29
96                <action android:name="androidx.profileinstaller.action.INSTALL_PROFILE" />
96-->[androidx.profileinstaller:profileinstaller:1.4.0] AndroidManifest.xml:41:17-91
96-->[androidx.profileinstaller:profileinstaller:1.4.0] AndroidManifest.xml:41:25-88
97            </intent-filter>
98            <intent-filter>
98-->[androidx.profileinstaller:profileinstaller:1.4.0] AndroidManifest.xml:43:13-45:29
99                <action android:name="androidx.profileinstaller.action.SKIP_FILE" />
99-->[androidx.profileinstaller:profileinstaller:1.4.0] AndroidManifest.xml:44:17-85
99-->[androidx.profileinstaller:profileinstaller:1.4.0] AndroidManifest.xml:44:25-82
100            </intent-filter>
101            <intent-filter>
101-->[androidx.profileinstaller:profileinstaller:1.4.0] AndroidManifest.xml:46:13-48:29
102                <action android:name="androidx.profileinstaller.action.SAVE_PROFILE" />
102-->[androidx.profileinstaller:profileinstaller:1.4.0] AndroidManifest.xml:47:17-88
102-->[androidx.profileinstaller:profileinstaller:1.4.0] AndroidManifest.xml:47:25-85
103            </intent-filter>
104            <intent-filter>
104-->[androidx.profileinstaller:profileinstaller:1.4.0] AndroidManifest.xml:49:13-51:29
105                <action android:name="androidx.profileinstaller.action.BENCHMARK_OPERATION" />
105-->[androidx.profileinstaller:profileinstaller:1.4.0] AndroidManifest.xml:50:17-95
105-->[androidx.profileinstaller:profileinstaller:1.4.0] AndroidManifest.xml:50:25-92
106            </intent-filter>
107        </receiver>
108    </application>
109
110</manifest>